[0m[[0m[0mdebug[0m] [0m[0mRunning TaskDef(core.TopTest, org.scalatest.tools.Framework$$anon$1@5a6c4ec0, false, [SuiteSelector])[0m
[0m[[0m[0minfo[0m] [0m[0m[32mTopTest:[0m[0m
[0m[[0m[0minfo[0m] [0m[0m[32mCore[0m[0m
[0m[[0m[0minfo[0m] [0m[0m[31m- should execute instructions correctly *** FAILED ***[0m[0m
[0m[[0m[0minfo[0m] [0m[0m[31m  io_out=9 (0x9) did not equal expected=8 (0x8) (lines in TopTest.scala: 9) (TopTest.scala:14)[0m[0m
[0m[[0m[0minfo[0m] [0m[0m[36mRun completed in 2 seconds, 467 milliseconds.[0m[0m
[0m[[0m[0minfo[0m] [0m[0m[36mTotal number of tests run: 1[0m[0m
[0m[[0m[0minfo[0m] [0m[0m[36mSuites: completed 1, aborted 0[0m[0m
[0m[[0m[0minfo[0m] [0m[0m[36mTests: succeeded 0, failed 1, canceled 0, ignored 0, pending 0[0m[0m
[0m[[0m[0minfo[0m] [0m[0m[31m*** 1 TEST FAILED ***[0m[0m
[0m[[0m[31merror[0m] [0m[0mFailed tests:[0m
[0m[[0m[31merror[0m] [0m[0m	core.TopTest[0m
[0m[[0m[31merror[0m] [0m[0m(Test / [31mtest[0m) sbt.TestsFailedException: Tests unsuccessful[0m
