<?xml version='1.0' encoding='UTF-8'?>
<testsuite hostname="FRMZAstalisks" name="core.TopTest" tests="1" errors="0" failures="1" skipped="0" time="2.211" timestamp="2024-12-14T05:35:39">
          <properties>
[...]
</properties>
          <testcase classname="core.TopTest" name="Core should execute instructions correctly" time="2.211">
                      <failure message="io_out=9 (0x9) did not equal expected=8 (0x8) (lines in TopTest.scala: 9)" type="org.scalatest.exceptions.TestFailedException">org.scalatest.exceptions.TestFailedException: io_out=9 (0x9) did not equal expected=8 (0x8) (lines in TopTest.scala: 9)
	at chiseltest.internal.TestEnvInterface.signalExpectFailure(TestEnvInterface.scala:58)
	at chiseltest.internal.TestEnvInterface.signalExpectFailure$(TestEnvInterface.scala:45)
	at core.TopTest.signalExpectFailure(TopTest.scala:7)
	at chiseltest.package$Utils$.expectFailed(package.scala:512)
	at chiseltest.package$Utils$.expectBits(package.scala:503)
	at chiseltest.package$testableUInt.expectInternal(package.scala:55)
	at chiseltest.package$testableUInt.expect(package.scala:57)
	at core.TopTest.$anonfun$new$3(TopTest.scala:14)
	at core.TopTest.$anonfun$new$3$adapted(TopTest.scala:9)
	at chiseltest.internal.GenericBackend.$anonfun$run$1(GenericBackend.scala:151)
	at chiseltest.internal.ThreadedBackend$TesterThread$$anon$1.$anonfun$run$1(ThreadedBackend.scala:495)
	at chiseltest.internal.GenericBackend.doTimescope(GenericBackend.scala:96)
	at chiseltest.internal.ThreadedBackend$TesterThread$$anon$1.run(ThreadedBackend.scala:495)
	at java.base/java.lang.Thread.run(Thread.java:840)
Caused by: chiseltest.internal.FailedExpectException: io_out=9 (0x9) did not equal expected=8 (0x8) (lines in TopTest.scala: 9)
	... 14 more
</failure>
                    </testcase>
          <system-out><![CDATA[]]></system-out>
          <system-err><![CDATA[]]></system-err>
        </testsuite>